<?xml version="1.0" encoding="UTF-8"?>
<!-- Generated by org.testng.reporters.JUnitXMLReporter -->
<testsuite hostname="TCOE-7374J0N-LX" ignored="0" name="Test 1" tests="1" failures="1" timestamp="15 Oct 2019 13:37:00 GMT" time="41.021" errors="0">
  <testcase name="testScenario on [TC01_MyStore_SignInWithRegisteredUser passed=0 failed=0 skipped=0]" time="20.139" classname="scenarios.TC01_MyStore_SignInWithRegisteredUser">
    <failure type="java.lang.AssertionError" message="The following asserts failed:
	in My Store - Sign In Page page expected [true] but found [false],
	in My Store - My Account Page page expected [true] but found [false]">
      <![CDATA[java.lang.AssertionError: The following asserts failed:
in My Store - Sign In Page page expected [true] but found [false],
in My Store - My Account Page page expected [true] but found [false]
at auto.framework.reportlog.ReportLogInstance.assertAll(ReportLogInstance.java:122)
at auto.framework.ReportLog.assertAll(ReportLog.java:109)
at auto.framework.ReportLog$Listener.onTestSuccess(ReportLog.java:535)
at java.util.concurrent.FutureTask.run(FutureTask.java:266)
at java.util.concurrent.ThreadPoolExecutor.runWorker(ThreadPoolExecutor.java:1149)
at java.util.concurrent.ThreadPoolExecutor$Worker.run(ThreadPoolExecutor.java:624)
at java.lang.Thread.run(Thread.java:748)
... Removed 14 stack frames]]>
    </failure>
  </testcase> <!-- testScenario on [TC01_MyStore_SignInWithRegisteredUser passed=0 failed=0 skipped=0] -->
</testsuite> <!-- Test 1 -->
